[2023-08-31T10:56:06.819] [INFO] info - log output
[2023-09-04T14:12:36.238] [INFO] info - ***数据库连接成功***
[2023-09-04T14:39:58.736] [INFO] info - ***数据库连接成功***
[2023-09-04T14:41:41.137] [INFO] info - ***数据库连接成功***
[2023-09-04T14:42:32.992] [INFO] info - ***数据库连接成功***
[2023-09-04T14:46:33.042] [INFO] info - log output
[2023-09-04T14:46:33.936] [INFO] info - log output
[2023-09-04T14:46:43.056] [INFO] info - log output
[2023-09-04T14:46:46.752] [INFO] info - log output
[2023-09-04T14:47:03.769] [INFO] info - ***数据库连接成功***
[2023-09-04T14:47:05.849] [INFO] info - ***数据库连接成功***
[2023-09-04T14:47:08.722] [INFO] info - ***数据库连接成功***
[2023-09-04T14:47:15.949] [INFO] info - ***数据库连接成功***
[2023-09-04T14:59:23.538] [INFO] info - ***数据库连接成功***
[2023-09-04T14:59:33.703] [INFO] info - ***数据库连接成功***
[2023-09-04T15:00:15.683] [INFO] info - ***数据库连接成功***
[2023-09-04T15:01:05.443] [INFO] info - ***数据库连接成功***
[2023-09-04T15:44:22.337] [INFO] info - ***数据库连接成功***
[2023-09-04T15:44:32.907] [INFO] info - ***数据库连接成功***
[2023-09-04T15:44:41.769] [INFO] info - get params:{}
[2023-09-04T15:44:41.771] [INFO] info - post params:{}
[2023-09-04T15:57:36.649] [INFO] info - get params:{}
[2023-09-04T15:57:36.653] [INFO] info - post params:{}
[2023-09-04T15:57:45.021] [INFO] info - get params:{}
[2023-09-04T15:57:45.023] [INFO] info - post params:{}
[2023-09-04T15:57:54.474] [INFO] info - get params:{}
[2023-09-04T15:57:54.475] [INFO] info - post params:{}
[2023-09-04T15:58:08.831] [INFO] info - ***数据库连接成功***
[2023-09-04T15:58:12.556] [INFO] info - get params:{}
[2023-09-04T15:58:12.558] [INFO] info - post params:{}
[2023-09-04T15:58:20.108] [INFO] info - get params:{}
[2023-09-04T15:58:20.112] [INFO] info - post params:{}
[2023-09-04T16:21:48.856] [INFO] info - ***数据库连接成功***
[2023-09-04T16:21:56.205] [INFO] info - get params:{}
[2023-09-04T16:21:56.207] [INFO] info - post params:{}
[2023-09-04T16:22:05.387] [INFO] info - get params:{}
[2023-09-04T16:22:05.391] [INFO] info - post params:{}
[2023-09-04T16:22:10.165] [INFO] info - get params:{}
[2023-09-04T16:22:10.166] [INFO] info - post params:{}
[2023-09-04T16:22:51.132] [INFO] info - get params:{}
[2023-09-04T16:22:51.133] [INFO] info - post params:{}
[2023-09-04T16:25:07.429] [INFO] info - get params:{}
[2023-09-04T16:25:07.429] [INFO] info - post params:{}
[2023-09-04T16:25:09.510] [INFO] info - get params:{}
[2023-09-04T16:25:09.510] [INFO] info - post params:{}
[2023-09-04T16:26:08.164] [INFO] info - ***数据库连接成功***
[2023-09-04T16:26:13.026] [INFO] info - get params:{}
[2023-09-04T16:26:13.028] [INFO] info - post params:{}
[2023-09-04T16:26:17.924] [INFO] info - get params:{}
[2023-09-04T16:26:17.927] [INFO] info - post params:{}
[2023-09-04T16:27:15.954] [INFO] info - get params:{}
[2023-09-04T16:27:15.956] [INFO] info - post params:{}
[2023-09-04T16:28:45.517] [INFO] info - ***数据库连接成功***
[2023-09-04T16:35:48.099] [INFO] info - get params:{}
[2023-09-04T16:35:48.101] [INFO] info - post params:{"userName":"dd","userPwd":"ddd"}
[2023-09-04T16:35:52.795] [INFO] info - get params:{}
[2023-09-04T16:35:52.798] [INFO] info - post params:{"userName":"dd","userPwd":"ddd"}
[2023-09-04T16:45:56.147] [INFO] info - get params:{}
[2023-09-04T16:45:56.150] [INFO] info - post params:{}
[2023-09-04T16:51:14.311] [INFO] info - get params:{}
[2023-09-04T16:51:14.312] [INFO] info - post params:{"userName":"admin","userPwd":"admin"}
[2023-09-04T16:51:17.303] [INFO] info - get params:{}
[2023-09-04T16:51:17.306] [INFO] info - post params:{}
[2023-09-05T08:26:34.934] [INFO] info - ***数据库连接成功***
[2023-09-07T11:24:53.976] [INFO] info - ***数据库连接成功***
[2023-09-08T22:10:47.492] [INFO] info - get params:{}
[2023-09-08T22:10:47.496] [INFO] info - post params:{"userName":"admin","userPwd":"123456"}
[2023-09-08T22:10:52.342] [INFO] info - get params:{}
[2023-09-08T22:10:52.343] [INFO] info - post params:{"userName":"admin","userPwd":"admin"}
[2023-09-13T09:46:54.085] [INFO] info - get params:{}
[2023-09-13T09:46:54.088] [INFO] info - post params:{"userName":"admin","userPwd":"admin"}
[2023-09-13T10:17:16.709] [INFO] info - get params:{}
[2023-09-13T10:17:16.711] [INFO] info - post params:{}
[2023-09-13T10:17:19.847] [INFO] info - get params:{}
[2023-09-13T10:17:19.848] [INFO] info - post params:{}
[2023-09-13T10:17:20.525] [INFO] info - get params:{}
[2023-09-13T10:17:20.526] [INFO] info - post params:{}
[2023-09-13T10:17:26.109] [INFO] info - get params:{}
[2023-09-13T10:17:26.110] [INFO] info - post params:{}
[2023-09-13T10:17:58.126] [INFO] info - get params:{}
[2023-09-13T10:17:58.126] [INFO] info - post params:{}
[2023-09-13T10:18:21.751] [INFO] info - get params:{}
[2023-09-13T10:18:21.751] [INFO] info - post params:{}
[2023-09-18T13:54:01.541] [INFO] info - ***数据库连接成功***
